[2026-03-30 19:17:23]	[info] incremental build: 27 source files changed
These source files will be recompiled
---
'f:\Blue Cup\Provincial_Competition_Training\2022_13_02\Template\Drivers\STM32G4xx_HAL_Driver\Src\stm32g4xx_hal.c': object (.o) file not exist
'f:\Blue Cup\Provincial_Competition_Training\2022_13_02\Template\Drivers\STM32G4xx_HAL_Driver\Src\stm32g4xx_hal_cortex.c': object (.o) file not exist
'f:\Blue Cup\Provincial_Competition_Training\2022_13_02\Template\Drivers\STM32G4xx_HAL_Driver\Src\stm32g4xx_hal_dma.c': object (.o) file not exist
'f:\Blue Cup\Provincial_Competition_Training\2022_13_02\Template\Drivers\STM32G4xx_HAL_Driver\Src\stm32g4xx_hal_dma_ex.c': object (.o) file not exist
'f:\Blue Cup\Provincial_Competition_Training\2022_13_02\Template\Drivers\STM32G4xx_HAL_Driver\Src\stm32g4xx_hal_exti.c': object (.o) file not exist
'f:\Blue Cup\Provincial_Competition_Training\2022_13_02\Template\Drivers\STM32G4xx_HAL_Driver\Src\stm32g4xx_hal_flash.c': object (.o) file not exist
'f:\Blue Cup\Provincial_Competition_Training\2022_13_02\Template\Drivers\STM32G4xx_HAL_Driver\Src\stm32g4xx_hal_flash_ex.c': object (.o) file not exist
'f:\Blue Cup\Provincial_Competition_Training\2022_13_02\Template\Drivers\STM32G4xx_HAL_Driver\Src\stm32g4xx_hal_flash_ramfunc.c': object (.o) file not exist
'f:\Blue Cup\Provincial_Competition_Training\2022_13_02\Template\Drivers\STM32G4xx_HAL_Driver\Src\stm32g4xx_hal_gpio.c': object (.o) file not exist
'f:\Blue Cup\Provincial_Competition_Training\2022_13_02\Template\Drivers\STM32G4xx_HAL_Driver\Src\stm32g4xx_hal_pwr.c': object (.o) file not exist
'f:\Blue Cup\Provincial_Competition_Training\2022_13_02\Template\Drivers\STM32G4xx_HAL_Driver\Src\stm32g4xx_hal_pwr_ex.c': object (.o) file not exist
'f:\Blue Cup\Provincial_Competition_Training\2022_13_02\Template\Drivers\STM32G4xx_HAL_Driver\Src\stm32g4xx_hal_rcc.c': object (.o) file not exist
'f:\Blue Cup\Provincial_Competition_Training\2022_13_02\Template\Drivers\STM32G4xx_HAL_Driver\Src\stm32g4xx_hal_rcc_ex.c': object (.o) file not exist
'f:\Blue Cup\Provincial_Competition_Training\2022_13_02\Template\Drivers\STM32G4xx_HAL_Driver\Src\stm32g4xx_hal_tim.c': object (.o) file not exist
'f:\Blue Cup\Provincial_Competition_Training\2022_13_02\Template\Drivers\STM32G4xx_HAL_Driver\Src\stm32g4xx_hal_tim_ex.c': object (.o) file not exist
'f:\Blue Cup\Provincial_Competition_Training\2022_13_02\Template\Drivers\STM32G4xx_HAL_Driver\Src\stm32g4xx_hal_uart.c': object (.o) file not exist
'f:\Blue Cup\Provincial_Competition_Training\2022_13_02\Template\Drivers\STM32G4xx_HAL_Driver\Src\stm32g4xx_hal_uart_ex.c': object (.o) file not exist
'f:\Blue Cup\Provincial_Competition_Training\2022_13_02\Template\Src\bsp\lcd\bsp_lcd.c': object (.o) file not exist
'f:\Blue Cup\Provincial_Competition_Training\2022_13_02\Template\Src\bsp\led_key\bsp_led_key.c': object (.o) file not exist
'f:\Blue Cup\Provincial_Competition_Training\2022_13_02\Template\Src\bsp\rcc\bsp_rcc.c': object (.o) file not exist
'f:\Blue Cup\Provincial_Competition_Training\2022_13_02\Template\Src\bsp\tim\bsp_tim.c': object (.o) file not exist
'f:\Blue Cup\Provincial_Competition_Training\2022_13_02\Template\Src\bsp\uart\bsp_uart.c': object (.o) file not exist
'f:\Blue Cup\Provincial_Competition_Training\2022_13_02\Template\Src\main.c': object (.o) file not exist
'f:\Blue Cup\Provincial_Competition_Training\2022_13_02\Template\Src\stm32g4xx_hal_msp.c': object (.o) file not exist
'f:\Blue Cup\Provincial_Competition_Training\2022_13_02\Template\Src\stm32g4xx_it.c': object (.o) file not exist
'f:\Blue Cup\Provincial_Competition_Training\2022_13_02\Template\Src\system_stm32g4xx.c': object (.o) file not exist
'f:\Blue Cup\Provincial_Competition_Training\2022_13_02\Template\MDK-ARM\startup_stm32g431xx.s': object (.o) file not exist

[2026-03-30 19:17:25]	[done]
	build successfully !

[2026-03-30 19:19:18]	[info] incremental build: 1 source files changed
These source files will be recompiled
---
'f:\Blue Cup\Provincial_Competition_Training\2022_13_02\Template\Src\main.c': source file has been changed.

[2026-03-30 19:19:19]	[done]
	build successfully !

[2026-03-30 19:22:44]	[info] incremental build: 2 source files changed
These source files will be recompiled
---
'f:\Blue Cup\Provincial_Competition_Training\2022_13_02\Template\Src\bsp\iic\bsp_iic.c': object (.o) file not exist
'f:\Blue Cup\Provincial_Competition_Training\2022_13_02\Template\Src\main.c': source file has been changed.

[2026-03-30 19:22:44]	[done]
	build successfully !

[2026-03-30 19:23:18]	[info] incremental build: 1 source files changed
These source files will be recompiled
---
'f:\Blue Cup\Provincial_Competition_Training\2022_13_02\Template\Src\main.c': source file has been changed.

[2026-03-30 19:23:19]	compilation failed at : "f:\Blue Cup\Provincial_Competition_Training\2022_13_02\Template\Src\main.c", exit code: 1
command: 
  "E:\App library\Keil5\ARM\ARMCC\bin\armcc.exe" -c --apcs=interwork -I../Inc -I../Drivers/STM32G4xx_HAL_Driver/Inc -I../Drivers/STM32G4xx_HAL_Driver/Inc/Legacy -I../Drivers/CMSIS/Device/ST/STM32G4xx/Include -I../Drivers/CMSIS/Include -I../Inc/bsp -I.cmsis/include -IRTE/_source -D"USE_HAL_DRIVER" -D"STM32G431xx" --cpu Cortex-M4.fp --li --c99 -O3 --split_sections --diag_suppress=1 --diag_suppress=1295 -g -o .\build\source\.obj\__\Src\main.o --no_depend_system_headers --depend .\build\source\.obj\__\Src\main.d .\..\Src\main.c
   at unify_builder.Program.Main(String[] args_)
---
".\..\Src\main.c", line 47: Error:  #165: too few arguments in function call
  	AT24C02_Read();
  	             ^
.\..\Src\main.c: 0 warnings, 1 error

[2026-03-30 19:23:33]	[info] incremental build: 1 source files changed
These source files will be recompiled
---
'f:\Blue Cup\Provincial_Competition_Training\2022_13_02\Template\Src\main.c': source file has been changed.

[2026-03-30 19:23:34]	[done]
	build successfully !

[2026-03-30 19:25:01]	[info] incremental build: 1 source files changed
These source files will be recompiled
---
'f:\Blue Cup\Provincial_Competition_Training\2022_13_02\Template\Src\bsp\iic\bsp_iic.c': source file has been changed.

[2026-03-30 19:25:01]	compilation failed at : "f:\Blue Cup\Provincial_Competition_Training\2022_13_02\Template\Src\bsp\iic\bsp_iic.c", exit code: 1
command: 
  "E:\App library\Keil5\ARM\ARMCC\bin\armcc.exe" -c --apcs=interwork -I../Inc -I../Drivers/STM32G4xx_HAL_Driver/Inc -I../Drivers/STM32G4xx_HAL_Driver/Inc/Legacy -I../Drivers/CMSIS/Device/ST/STM32G4xx/Include -I../Drivers/CMSIS/Include -I../Inc/bsp -I.cmsis/include -IRTE/_source -D"USE_HAL_DRIVER" -D"STM32G431xx" --cpu Cortex-M4.fp --li --c99 -O3 --split_sections --diag_suppress=1 --diag_suppress=1295 -g -o .\build\source\.obj\__\Src\bsp\iic\bsp_iic.o --no_depend_system_headers --depend .\build\source\.obj\__\Src\bsp\iic\bsp_iic.d .\..\Src\bsp\iic\bsp_iic.c
   at unify_builder.Program.Main(String[] args_)
---
".\..\Src\bsp\iic\bsp_iic.c", line 236: Error:  #165: too few arguments in function call
  		*ptr++=I2CSendByte();
  		                   ^
".\..\Src\bsp\iic\bsp_iic.c", line 236: Error:  #513: a value of type "void" cannot be assigned to an entity of type "uint8_t"
  		*ptr++=I2CSendByte();
  		      ^
.\..\Src\bsp\iic\bsp_iic.c: 0 warnings, 2 errors

[2026-03-30 19:25:26]	[info] incremental build: 1 source files changed
These source files will be recompiled
---
'f:\Blue Cup\Provincial_Competition_Training\2022_13_02\Template\Src\bsp\iic\bsp_iic.c': source file has been changed.

[2026-03-30 19:25:26]	[done]
	build successfully !

[2026-03-30 19:35:48]	[info] incremental build: 2 source files changed
These source files will be recompiled
---
'f:\Blue Cup\Provincial_Competition_Training\2022_13_02\Template\Src\bsp\iic\bsp_iic.c': source file has been changed.
'f:\Blue Cup\Provincial_Competition_Training\2022_13_02\Template\Src\main.c': source file has been changed.

[2026-03-30 19:35:48]	compilation failed at : "f:\Blue Cup\Provincial_Competition_Training\2022_13_02\Template\Src\main.c", exit code: 1
command: 
  "E:\App library\Keil5\ARM\ARMCC\bin\armcc.exe" -c --apcs=interwork -I../Inc -I../Drivers/STM32G4xx_HAL_Driver/Inc -I../Drivers/STM32G4xx_HAL_Driver/Inc/Legacy -I../Drivers/CMSIS/Device/ST/STM32G4xx/Include -I../Drivers/CMSIS/Include -I../Inc/bsp -I.cmsis/include -IRTE/_source -D"USE_HAL_DRIVER" -D"STM32G431xx" --cpu Cortex-M4.fp --li --c99 -O3 --split_sections --diag_suppress=1 --diag_suppress=1295 -g -o .\build\source\.obj\__\Src\main.o --no_depend_system_headers --depend .\build\source\.obj\__\Src\main.d .\..\Src\main.c
   at unify_builder.Program.Main(String[] args_)
---
".\..\Src\main.c", line 53: Error:  #20: identifier "huart2" is undefined
  	HAL_UART_Receive_IT(&huart2);
  	                     ^
".\..\Src\main.c", line 53: Error:  #165: too few arguments in function call
  	HAL_UART_Receive_IT(&huart2);
  	                           ^
".\..\Src\main.c", line 114: Error:  #20: identifier "huart2" is undefined
  	HAL_UART_Receive_IT(&huart2,&rxbuffer,1);
  	                     ^
".\..\Src\main.c", line 99: Warning:  #177-D: function "Uart_Proc"  was declared but never referenced
  static void Uart_Proc(void)
              ^
.\..\Src\main.c: 1 warning, 3 errors

[2026-03-30 19:36:12]	[info] incremental build: 1 source files changed
These source files will be recompiled
---
'f:\Blue Cup\Provincial_Competition_Training\2022_13_02\Template\Src\main.c': source file has been changed.

[2026-03-30 19:36:12]	compilation failed at : "f:\Blue Cup\Provincial_Competition_Training\2022_13_02\Template\Src\main.c", exit code: 1
command: 
  "E:\App library\Keil5\ARM\ARMCC\bin\armcc.exe" -c --apcs=interwork -I../Inc -I../Drivers/STM32G4xx_HAL_Driver/Inc -I../Drivers/STM32G4xx_HAL_Driver/Inc/Legacy -I../Drivers/CMSIS/Device/ST/STM32G4xx/Include -I../Drivers/CMSIS/Include -I../Inc/bsp -I.cmsis/include -IRTE/_source -D"USE_HAL_DRIVER" -D"STM32G431xx" --cpu Cortex-M4.fp --li --c99 -O3 --split_sections --diag_suppress=1 --diag_suppress=1295 -g -o .\build\source\.obj\__\Src\main.o --no_depend_system_headers --depend .\build\source\.obj\__\Src\main.d .\..\Src\main.c
   at unify_builder.Program.Main(String[] args_)
---
".\..\Src\main.c", line 53: Error:  #20: identifier "huart2" is undefined
  		HAL_UART_Receive_IT(&huart2,&rxbuffer,1);
  		                     ^
".\..\Src\main.c", line 116: Error:  #20: identifier "huart2" is undefined
  	HAL_UART_Receive_IT(&huart2,&rxbuffer,1);
  	                     ^
".\..\Src\main.c", line 101: Warning:  #177-D: function "Uart_Proc"  was declared but never referenced
  static void Uart_Proc(void)
              ^
.\..\Src\main.c: 1 warning, 2 errors

[2026-03-30 19:37:22]	[info] incremental build: 1 source files changed
These source files will be recompiled
---
'f:\Blue Cup\Provincial_Competition_Training\2022_13_02\Template\Src\main.c': source file has been changed.

[2026-03-30 19:37:23]	[done]
	build successfully !

[2026-03-30 19:39:10]	[info] incremental build: 1 source files changed
These source files will be recompiled
---
'f:\Blue Cup\Provincial_Competition_Training\2022_13_02\Template\Src\main.c': source file has been changed.

[2026-03-30 19:39:10]	[done]
	build successfully !

[2026-03-30 19:39:33]	[info] incremental build: 1 source files changed
These source files will be recompiled
---
'f:\Blue Cup\Provincial_Competition_Training\2022_13_02\Template\Src\main.c': source file has been changed.

[2026-03-30 19:39:34]	[done]
	build successfully !

[2026-03-30 19:43:28]	[info] incremental build: 2 source files changed
These source files will be recompiled
---
'f:\Blue Cup\Provincial_Competition_Training\2022_13_02\Template\Src\bsp\tim\bsp_tim.c': source file has been changed.
'f:\Blue Cup\Provincial_Competition_Training\2022_13_02\Template\Src\main.c': source file has been changed.

[2026-03-30 19:43:29]	[done]
	build successfully !

[2026-03-30 19:51:37]	[info] incremental build: 1 source files changed
These source files will be recompiled
---
'f:\Blue Cup\Provincial_Competition_Training\2022_13_02\Template\Src\main.c': source file has been changed.

[2026-03-30 19:51:38]	[done]
	build successfully !

[2026-03-30 20:10:35]	[info] incremental build: 1 source files changed
These source files will be recompiled
---
'f:\Blue Cup\Provincial_Competition_Training\2022_13_02\Template\Src\main.c': source file has been changed.

[2026-03-30 20:10:36]	[done]
	build successfully !

[2026-03-30 20:11:01]	[info] incremental build: 1 source files changed
These source files will be recompiled
---
'f:\Blue Cup\Provincial_Competition_Training\2022_13_02\Template\Src\main.c': source file has been changed.

[2026-03-30 20:11:02]	[done]
	build successfully !

[2026-03-30 20:11:11]	[info] incremental build: 1 source files changed
These source files will be recompiled
---
'f:\Blue Cup\Provincial_Competition_Training\2022_13_02\Template\Src\main.c': source file has been changed.

[2026-03-30 20:11:12]	[done]
	build successfully !

[2026-03-30 20:12:28]	[info] incremental build: 1 source files changed
These source files will be recompiled
---
'f:\Blue Cup\Provincial_Competition_Training\2022_13_02\Template\Src\main.c': source file has been changed.

[2026-03-30 20:12:29]	[done]
	build successfully !

[2026-03-30 20:13:55]	[info] incremental build: 1 source files changed
These source files will be recompiled
---
'f:\Blue Cup\Provincial_Competition_Training\2022_13_02\Template\Src\main.c': source file has been changed.

[2026-03-30 20:13:56]	[done]
	build successfully !

[2026-03-30 20:47:59]	[info] incremental build: 2 source files changed
These source files will be recompiled
---
'f:\Blue Cup\Provincial_Competition_Training\2022_13_02\Template\Src\bsp\iic\bsp_iic.c': source file has been changed.
'f:\Blue Cup\Provincial_Competition_Training\2022_13_02\Template\Src\main.c': source file has been changed.

[2026-03-30 20:48:00]	compilation failed at : "f:\Blue Cup\Provincial_Competition_Training\2022_13_02\Template\Src\main.c", exit code: 1
command: 
  "E:\App library\Keil5\ARM\ARMCC\bin\armcc.exe" -c --apcs=interwork -I../Inc -I../Drivers/STM32G4xx_HAL_Driver/Inc -I../Drivers/STM32G4xx_HAL_Driver/Inc/Legacy -I../Drivers/CMSIS/Device/ST/STM32G4xx/Include -I../Drivers/CMSIS/Include -I../Inc/bsp -I.cmsis/include -IRTE/_source -D"USE_HAL_DRIVER" -D"STM32G431xx" --cpu Cortex-M4.fp --li --c99 -O3 --split_sections --diag_suppress=1 --diag_suppress=1295 -g -o .\build\source\.obj\__\Src\main.o --no_depend_system_headers --depend .\build\source\.obj\__\Src\main.d .\..\Src\main.c
   at unify_builder.Program.Main(String[] args_)
---
".\..\Src\main.c", line 142: Error:  #167: argument of type "double *" is incompatible with parameter of type "uint8_t *"
  			AT24C02_Write(&Price_X, 
EPROM_X_PRC_ADDR,1);
  			              ^
".\..\Src\main.c", line 166: Error:  #167: argument of type "double *" is incompatible with parameter of type "uint8_t *"
  	        AT24C02_Write(&Price_Y, 
EPROM_Y_PRC_ADDR,1);
  	                      ^
".\..\Src\main.c", line 271: Error:  #167: argument of type "double *" is incompatible with parameter of type "uint8_t *"
          AT24C02_Read(&Price_X, 
EPROM_X_PRC_ADDR,1);
                       ^
".\..\Src\main.c", line 272: Error:  #167: argument of type "double *" is incompatible with parameter of type "uint8_t *"
          AT24C02_Read(&Price_Y, 
EPROM_Y_PRC_ADDR,1);
                       ^
".\..\Src\main.c", line 278: Error:  #165: too few arguments in function call
          AT24C02_Write(&Rep_X, 
EPROM_X_INV_ADDR);
                                                 ^
".\..\Src\main.c", line 281: Error:  #165: too few arguments in function call
          AT24C02_Write(&Rep_Y, 
EPROM_Y_INV_ADDR);
                                                 ^
".\..\Src\main.c", line 284: Error:  #167: argument of type "double *" is incompatible with parameter of type "uint8_t *"
          AT24C02_Write(&Price_X, 
EPROM_X_PRC_ADDR);
                        ^
".\..\Src\main.c", line 284: Error:  #165: too few arguments in function call
          AT24C02_Write(&Price_X, 
EPROM_X_PRC_ADDR);
                                                   ^
".\..\Src\main.c", line 287: Error:  #167: argument of type "double *" is incompatible with parameter of type "uint8_t *"
          AT24C02_Write(&Price_Y, 
EPROM_Y_PRC_ADDR);
                        ^
".\..\Src\main.c", line 287: Error:  #165: too few arguments in function call
          AT24C02_Write(&Price_Y, 
EPROM_Y_PRC_ADDR);
                                                   ^
".\..\Src\main.c", line 291: Error:  #167: argument of type "int" is incompatible with parameter of type "uint8_t *"
          AT24C02_Write(
EPROM_FLAG_ADDR, 0x55);
                        ^
".\..\Src\main.c", line 291: Error:  #165: too few arguments in function call
          AT24C02_Write(
EPROM_FLAG_ADDR, 0x55);
                                              ^
.\..\Src\main.c: 0 warnings, 12 errors

[2026-03-30 20:49:42]	[info] incremental build: 1 source files changed
These source files will be recompiled
---
'f:\Blue Cup\Provincial_Competition_Training\2022_13_02\Template\Src\main.c': source file has been changed.

[2026-03-30 20:49:43]	compilation failed at : "f:\Blue Cup\Provincial_Competition_Training\2022_13_02\Template\Src\main.c", exit code: 1
command: 
  "E:\App library\Keil5\ARM\ARMCC\bin\armcc.exe" -c --apcs=interwork -I../Inc -I../Drivers/STM32G4xx_HAL_Driver/Inc -I../Drivers/STM32G4xx_HAL_Driver/Inc/Legacy -I../Drivers/CMSIS/Device/ST/STM32G4xx/Include -I../Drivers/CMSIS/Include -I../Inc/bsp -I.cmsis/include -IRTE/_source -D"USE_HAL_DRIVER" -D"STM32G431xx" --cpu Cortex-M4.fp --li --c99 -O3 --split_sections --diag_suppress=1 --diag_suppress=1295 -g -o .\build\source\.obj\__\Src\main.o --no_depend_system_headers --depend .\build\source\.obj\__\Src\main.d .\..\Src\main.c
   at unify_builder.Program.Main(String[] args_)
---
".\..\Src\main.c", line 142: Error:  #167: argument of type "double *" is incompatible with parameter of type "uint8_t *"
  			AT24C02_Write(&Price_X, 
EPROM_X_PRC_ADDR,1);
  			              ^
".\..\Src\main.c", line 166: Error:  #167: argument of type "double *" is incompatible with parameter of type "uint8_t *"
  	        AT24C02_Write(&Price_Y, 
EPROM_Y_PRC_ADDR,1);
  	                      ^
".\..\Src\main.c", line 271: Error:  #167: argument of type "double *" is incompatible with parameter of type "uint8_t *"
          AT24C02_Read(&Price_X, 
EPROM_X_PRC_ADDR,1);
                       ^
".\..\Src\main.c", line 272: Error:  #167: argument of type "double *" is incompatible with parameter of type "uint8_t *"
          AT24C02_Read(&Price_Y, 
EPROM_Y_PRC_ADDR,1);
                       ^
".\..\Src\main.c", line 284: Error:  #167: argument of type "double *" is incompatible with parameter of type "uint8_t *"
          AT24C02_Write(&Price_X, 
EPROM_X_PRC_ADDR,1);
                        ^
".\..\Src\main.c", line 287: Error:  #167: argument of type "double *" is incompatible with parameter of type "uint8_t *"
          AT24C02_Write(&Price_Y, 
EPROM_Y_PRC_ADDR,1);
                        ^
".\..\Src\main.c", line 291: Error:  #167: argument of type "int" is incompatible with parameter of type "uint8_t *"
          AT24C02_Write(
EPROM_FLAG_ADDR, 0x55,1);
                        ^
.\..\Src\main.c: 0 warnings, 7 errors

[2026-03-30 20:51:08]	[info] incremental build: 1 source files changed
These source files will be recompiled
---
'f:\Blue Cup\Provincial_Competition_Training\2022_13_02\Template\Src\main.c': source file has been changed.

[2026-03-30 20:51:08]	compilation failed at : "f:\Blue Cup\Provincial_Competition_Training\2022_13_02\Template\Src\main.c", exit code: 1
command: 
  "E:\App library\Keil5\ARM\ARMCC\bin\armcc.exe" -c --apcs=interwork -I../Inc -I../Drivers/STM32G4xx_HAL_Driver/Inc -I../Drivers/STM32G4xx_HAL_Driver/Inc/Legacy -I../Drivers/CMSIS/Device/ST/STM32G4xx/Include -I../Drivers/CMSIS/Include -I../Inc/bsp -I.cmsis/include -IRTE/_source -D"USE_HAL_DRIVER" -D"STM32G431xx" --cpu Cortex-M4.fp --li --c99 -O3 --split_sections --diag_suppress=1 --diag_suppress=1295 -g -o .\build\source\.obj\__\Src\main.o --no_depend_system_headers --depend .\build\source\.obj\__\Src\main.d .\..\Src\main.c
   at unify_builder.Program.Main(String[] args_)
---
".\..\Src\main.c", line 142: Error:  #167: argument of type "double *" is incompatible with parameter of type "uint8_t *"
  			AT24C02_Write(&Price_X, 
EPROM_X_PRC_ADDR,1);
  			              ^
".\..\Src\main.c", line 166: Error:  #167: argument of type "double *" is incompatible with parameter of type "uint8_t *"
  	        AT24C02_Write(&Price_Y, 
EPROM_Y_PRC_ADDR,1);
  	                      ^
".\..\Src\main.c", line 271: Error:  #167: argument of type "double *" is incompatible with parameter of type "uint8_t *"
          AT24C02_Read(&Price_X, 
EPROM_X_PRC_ADDR,1);
                       ^
".\..\Src\main.c", line 272: Error:  #167: argument of type "double *" is incompatible with parameter of type "uint8_t *"
          AT24C02_Read(&Price_Y, 
EPROM_Y_PRC_ADDR,1);
                       ^
".\..\Src\main.c", line 284: Error:  #167: argument of type "double *" is incompatible with parameter of type "uint8_t *"
          AT24C02_Write(&Price_X, 
EPROM_X_PRC_ADDR,1);
                        ^
".\..\Src\main.c", line 287: Error:  #167: argument of type "double *" is incompatible with parameter of type "uint8_t *"
          AT24C02_Write(&Price_Y, 
EPROM_Y_PRC_ADDR,1);
                        ^
.\..\Src\main.c: 0 warnings, 6 errors

[2026-03-30 20:55:17]	[info] incremental build: 1 source files changed
These source files will be recompiled
---
'f:\Blue Cup\Provincial_Competition_Training\2022_13_02\Template\Src\main.c': source file has been changed.

[2026-03-30 20:55:17]	compilation failed at : "f:\Blue Cup\Provincial_Competition_Training\2022_13_02\Template\Src\main.c", exit code: 1
command: 
  "E:\App library\Keil5\ARM\ARMCC\bin\armcc.exe" -c --apcs=interwork -I../Inc -I../Drivers/STM32G4xx_HAL_Driver/Inc -I../Drivers/STM32G4xx_HAL_Driver/Inc/Legacy -I../Drivers/CMSIS/Device/ST/STM32G4xx/Include -I../Drivers/CMSIS/Include -I../Inc/bsp -I.cmsis/include -IRTE/_source -D"USE_HAL_DRIVER" -D"STM32G431xx" --cpu Cortex-M4.fp --li --c99 -O3 --split_sections --diag_suppress=1 --diag_suppress=1295 -g -o .\build\source\.obj\__\Src\main.o --no_depend_system_headers --depend .\build\source\.obj\__\Src\main.d .\..\Src\main.c
   at unify_builder.Program.Main(String[] args_)
---
".\..\Src\main.c", line 146: Error:  #167: argument of type "double *" is incompatible with parameter of type "uint8_t *"
  			AT24C02_Write(&Price_X, 
EPROM_X_PRC_ADDR,1);
  			              ^
".\..\Src\main.c", line 170: Error:  #167: argument of type "double *" is incompatible with parameter of type "uint8_t *"
  	        AT24C02_Write(&Price_Y, 
EPROM_Y_PRC_ADDR,1);
  	                      ^
".\..\Src\main.c", line 276: Error:  #167: argument of type "double *" is incompatible with parameter of type "uint8_t *"
          AT24C02_Read(&Price_X, 
EPROM_X_PRC_ADDR,1);
                       ^
".\..\Src\main.c", line 277: Error:  #167: argument of type "double *" is incompatible with parameter of type "uint8_t *"
          AT24C02_Read(&Price_Y, 
EPROM_Y_PRC_ADDR,1);
                       ^
".\..\Src\main.c", line 289: Error:  #167: argument of type "double *" is incompatible with parameter of type "uint8_t *"
          AT24C02_Write(&Price_X, 
EPROM_X_PRC_ADDR,1);
                        ^
".\..\Src\main.c", line 292: Error:  #167: argument of type "double *" is incompatible with parameter of type "uint8_t *"
          AT24C02_Write(&Price_Y, 
EPROM_Y_PRC_ADDR,1);
                        ^
.\..\Src\main.c: 0 warnings, 6 errors

[2026-03-30 20:57:45]	[info] incremental build: 1 source files changed
These source files will be recompiled
---
'f:\Blue Cup\Provincial_Competition_Training\2022_13_02\Template\Src\main.c': source file has been changed.

[2026-03-30 20:57:45]	compilation failed at : "f:\Blue Cup\Provincial_Competition_Training\2022_13_02\Template\Src\main.c", exit code: 1
command: 
  "E:\App library\Keil5\ARM\ARMCC\bin\armcc.exe" -c --apcs=interwork -I../Inc -I../Drivers/STM32G4xx_HAL_Driver/Inc -I../Drivers/STM32G4xx_HAL_Driver/Inc/Legacy -I../Drivers/CMSIS/Device/ST/STM32G4xx/Include -I../Drivers/CMSIS/Include -I../Inc/bsp -I.cmsis/include -IRTE/_source -D"USE_HAL_DRIVER" -D"STM32G431xx" --cpu Cortex-M4.fp --li --c99 -O3 --split_sections --diag_suppress=1 --diag_suppress=1295 -g -o .\build\source\.obj\__\Src\main.o --no_depend_system_headers --depend .\build\source\.obj\__\Src\main.d .\..\Src\main.c
   at unify_builder.Program.Main(String[] args_)
---
".\..\Src\main.c", line 146: Error:  #167: argument of type "double *" is incompatible with parameter of type "uint8_t *"
  			AT24C02_Write(&Price_X, 
EPROM_X_PRC_ADDR,1);
  			              ^
".\..\Src\main.c", line 170: Error:  #167: argument of type "double *" is incompatible with parameter of type "uint8_t *"
  	        AT24C02_Write(&Price_Y, 
EPROM_Y_PRC_ADDR,1);
  	                      ^
.\..\Src\main.c: 0 warnings, 2 errors

[2026-03-30 20:58:33]	[info] incremental build: 1 source files changed
These source files will be recompiled
---
'f:\Blue Cup\Provincial_Competition_Training\2022_13_02\Template\Src\main.c': source file has been changed.

[2026-03-30 20:58:33]	compilation failed at : "f:\Blue Cup\Provincial_Competition_Training\2022_13_02\Template\Src\main.c", exit code: 1
command: 
  "E:\App library\Keil5\ARM\ARMCC\bin\armcc.exe" -c --apcs=interwork -I../Inc -I../Drivers/STM32G4xx_HAL_Driver/Inc -I../Drivers/STM32G4xx_HAL_Driver/Inc/Legacy -I../Drivers/CMSIS/Device/ST/STM32G4xx/Include -I../Drivers/CMSIS/Include -I../Inc/bsp -I.cmsis/include -IRTE/_source -D"USE_HAL_DRIVER" -D"STM32G431xx" --cpu Cortex-M4.fp --li --c99 -O3 --split_sections --diag_suppress=1 --diag_suppress=1295 -g -o .\build\source\.obj\__\Src\main.o --no_depend_system_headers --depend .\build\source\.obj\__\Src\main.d .\..\Src\main.c
   at unify_builder.Program.Main(String[] args_)
---
".\..\Src\main.c", line 147: Error:  #167: argument of type "double *" is incompatible with parameter of type "uint8_t *"
  			AT24C02_Write(&Price_X, 
EPROM_X_PRC_ADDR,1);
  			              ^
".\..\Src\main.c", line 172: Error:  #167: argument of type "double *" is incompatible with parameter of type "uint8_t *"
  	        AT24C02_Write(&Price_Y, 
EPROM_Y_PRC_ADDR,1);
  	                      ^
.\..\Src\main.c: 0 warnings, 2 errors

[2026-03-30 20:58:46]	[info] incremental build: 1 source files changed
These source files will be recompiled
---
'f:\Blue Cup\Provincial_Competition_Training\2022_13_02\Template\Src\main.c': source file has been changed.

[2026-03-30 20:58:46]	[done]
	build successfully !

[2026-03-30 21:00:59]	[info] incremental build: 1 source files changed
These source files will be recompiled
---
'f:\Blue Cup\Provincial_Competition_Training\2022_13_02\Template\Src\main.c': source file has been changed.

[2026-03-30 21:00:59]	[done]
	build successfully !

[2026-03-30 21:03:47]	[info] incremental build: 1 source files changed
These source files will be recompiled
---
'f:\Blue Cup\Provincial_Competition_Training\2022_13_02\Template\Src\main.c': source file has been changed.

[2026-03-30 21:03:48]	[done]
	build successfully !

[2026-03-30 21:04:01]	[done]
	build successfully !

[2026-03-31 10:17:01]	[info] incremental build: 1 source files changed
These source files will be recompiled
---
'f:\Blue Cup\Provincial_Competition_Training\2022_13_02\Template\Src\main.c': source file has been changed.

[2026-03-31 10:17:03]	[done]
	build successfully !

[2026-03-31 10:19:35]	[done]
	build successfully !

[2026-03-31 10:20:10]	[info] incremental build: 1 source files changed
These source files will be recompiled
---
'f:\Blue Cup\Provincial_Competition_Training\2022_13_02\Template\Src\main.c': source file has been changed.

[2026-03-31 10:20:10]	[done]
	build successfully !

[2026-03-31 10:20:43]	[info] incremental build: 1 source files changed
These source files will be recompiled
---
'f:\Blue Cup\Provincial_Competition_Training\2022_13_02\Template\Src\main.c': source file has been changed.

[2026-03-31 10:20:44]	[done]
	build successfully !

[2026-03-31 10:24:28]	[info] incremental build: 1 source files changed
These source files will be recompiled
---
'f:\Blue Cup\Provincial_Competition_Training\2022_13_02\Template\Src\main.c': source file has been changed.

[2026-03-31 10:24:31]	[done]
	build successfully !

[2026-03-31 10:26:30]	[info] incremental build: 1 source files changed
These source files will be recompiled
---
'f:\Blue Cup\Provincial_Competition_Training\2022_13_02\Template\Src\main.c': source file has been changed.

[2026-03-31 10:26:30]	[done]
	build successfully !

[2026-03-31 10:29:58]	[done]
	build successfully !

[2026-03-31 10:44:50]	[info] incremental build: 1 source files changed
These source files will be recompiled
---
'f:\Blue Cup\Provincial_Competition_Training\2022_13_02\Template\Src\main.c': source file has been changed.

[2026-03-31 10:44:50]	[done]
	build successfully !

[2026-03-31 10:45:01]	[info] incremental build: 1 source files changed
These source files will be recompiled
---
'f:\Blue Cup\Provincial_Competition_Training\2022_13_02\Template\Src\main.c': source file has been changed.

[2026-03-31 10:45:01]	compilation failed at : "f:\Blue Cup\Provincial_Competition_Training\2022_13_02\Template\Src\main.c", exit code: 1
command: 
  "E:\App library\Keil5\ARM\ARMCC\bin\armcc.exe" -c --apcs=interwork -I../Inc -I../Drivers/STM32G4xx_HAL_Driver/Inc -I../Drivers/STM32G4xx_HAL_Driver/Inc/Legacy -I../Drivers/CMSIS/Device/ST/STM32G4xx/Include -I../Drivers/CMSIS/Include -I../Inc/bsp -I.cmsis/include -IRTE/_source -D"USE_HAL_DRIVER" -D"STM32G431xx" --cpu Cortex-M4.fp --li --c99 -O3 --split_sections --diag_suppress=1 --diag_suppress=1295 -g -o .\build\source\.obj\__\Src\main.o --no_depend_system_headers --depend .\build\source\.obj\__\Src\main.d .\..\Src\main.c
   at unify_builder.Program.Main(String[] args_)
---
".\..\Src\main.c", line 262: Error:  #20: identifier "rxbuffe" is undefined
  	if(rxbuffe=='?')
  	   ^
.\..\Src\main.c: 0 warnings, 1 error

[2026-03-31 10:45:15]	[info] incremental build: 1 source files changed
These source files will be recompiled
---
'f:\Blue Cup\Provincial_Competition_Training\2022_13_02\Template\Src\main.c': source file has been changed.

[2026-03-31 10:45:15]	[done]
	build successfully !

[2026-03-31 10:45:44]	[info] incremental build: 1 source files changed
These source files will be recompiled
---
'f:\Blue Cup\Provincial_Competition_Training\2022_13_02\Template\Src\main.c': source file has been changed.

[2026-03-31 10:45:44]	[done]
	build successfully !

[2026-03-31 10:57:08]	[info] incremental build: 1 source files changed
These source files will be recompiled
---
'f:\Blue Cup\Provincial_Competition_Training\2022_13_02\Template\Src\main.c': source file has been changed.

[2026-03-31 10:57:09]	[done]
	build successfully !

[2026-03-31 10:58:27]	[info] incremental build: 1 source files changed
These source files will be recompiled
---
'f:\Blue Cup\Provincial_Competition_Training\2022_13_02\Template\Src\main.c': source file has been changed.

[2026-03-31 10:58:28]	[done]
	build successfully !

[2026-03-31 11:01:22]	[info] incremental build: 1 source files changed
These source files will be recompiled
---
'f:\Blue Cup\Provincial_Competition_Training\2022_13_02\Template\Src\main.c': source file has been changed.

[2026-03-31 11:01:23]	[done]
	build successfully !

[2026-03-31 11:02:59]	[info] incremental build: 1 source files changed
These source files will be recompiled
---
'f:\Blue Cup\Provincial_Competition_Training\2022_13_02\Template\Src\main.c': source file has been changed.

[2026-03-31 11:02:59]	link failed !, exit code: 1
   at unify_builder.Program.Main(String[] args_)
---
Error: L6218E: Undefined symbol Hal_delay (referred from main.o).
Not enough information to list image symbols.
Finished: 1 information, 0 warning and 1 error messages.


[2026-03-31 11:03:06]	[info] incremental build: 1 source files changed
These source files will be recompiled
---
'f:\Blue Cup\Provincial_Competition_Training\2022_13_02\Template\Src\main.c': source file has been changed.

[2026-03-31 11:03:07]	link failed !, exit code: 1
   at unify_builder.Program.Main(String[] args_)
---
Error: L6218E: Undefined symbol HAL_delay (referred from main.o).
Not enough information to list image symbols.
Finished: 1 information, 0 warning and 1 error messages.


[2026-03-31 11:03:11]	[info] incremental build: 1 source files changed
These source files will be recompiled
---
'f:\Blue Cup\Provincial_Competition_Training\2022_13_02\Template\Src\main.c': source file has been changed.

[2026-03-31 11:03:12]	[done]
	build successfully !

[2026-03-31 11:08:02]	[info] incremental build: 1 source files changed
These source files will be recompiled
---
'f:\Blue Cup\Provincial_Competition_Training\2022_13_02\Template\Src\main.c': source file has been changed.

[2026-03-31 11:08:03]	[done]
	build successfully !

[2026-03-31 11:08:46]	[info] incremental build: 1 source files changed
These source files will be recompiled
---
'f:\Blue Cup\Provincial_Competition_Training\2022_13_02\Template\Src\main.c': source file has been changed.

[2026-03-31 11:08:46]	[done]
	build successfully !

[2026-03-31 11:14:52]	[info] incremental build: 1 source files changed
These source files will be recompiled
---
'f:\Blue Cup\Provincial_Competition_Training\2022_13_02\Template\Src\main.c': source file has been changed.

[2026-03-31 11:14:52]	[done]
	build successfully !

[2026-03-31 11:15:00]	[done]
	build successfully !

